2025-01-08 20:50:03,789 - INFO - Train pairs distribution: {"1's": 0.31291028446389496, "0.5's": 0.20787746170678337, "0's": 0.0, "-1's": 0.2614879649890591, "-0.5's": 0.21772428884026257}
2025-01-08 20:50:03,790 - INFO - Validation pairs distribution: {"1's": 0.30612244897959184, "0.5's": 0.20408163265306123, "0's": 0.0, "-1's": 0.2653061224489796, "-0.5's": 0.22448979591836735}
2025-01-08 20:50:03,790 - INFO - Test pairs distribution: {"1's": 0.34168987929433614, "0.5's": 0.13184772516248838, "0's": 0.0, "-1's": 0.40947075208913647, "-0.5's": 0.116991643454039}
2025-01-08 20:50:06,321 - INFO - Epoch 1, Train Loss: 526.7737, Validation Loss: 12364.6465
2025-01-08 20:50:07,714 - INFO - Epoch 2, Train Loss: 11036.5645, Validation Loss: 899.4456
2025-01-08 20:50:09,077 - INFO - Epoch 3, Train Loss: 530.1874, Validation Loss: 4759.1245
2025-01-08 20:50:10,406 - INFO - Epoch 4, Train Loss: 5029.0425, Validation Loss: 3430.1318
2025-01-08 20:50:11,757 - INFO - Epoch 5, Train Loss: 3579.5771, Validation Loss: 1859.3464
2025-01-08 20:50:13,125 - INFO - Epoch 6, Train Loss: 1863.5051, Validation Loss: 889.4791
2025-01-08 20:50:14,459 - INFO - Epoch 7, Train Loss: 797.5539, Validation Loss: 823.3256
2025-01-08 20:50:15,793 - INFO - Epoch 8, Train Loss: 584.0990, Validation Loss: 807.2884
2025-01-08 20:50:17,138 - INFO - Epoch 9, Train Loss: 522.3220, Validation Loss: 812.0814
2025-01-08 20:50:18,664 - INFO - Epoch 10, Train Loss: 527.3530, Validation Loss: 813.0405
2025-01-08 20:50:20,003 - INFO - Epoch 11, Train Loss: 528.0862, Validation Loss: 813.8027
2025-01-08 20:50:21,345 - INFO - Epoch 12, Train Loss: 528.6684, Validation Loss: 814.3923
2025-01-08 20:50:22,684 - INFO - Epoch 13, Train Loss: 529.1188, Validation Loss: 814.8290
2025-01-08 20:50:24,062 - INFO - Epoch 14, Train Loss: 529.4522, Validation Loss: 815.1293
2025-01-08 20:50:25,395 - INFO - Epoch 15, Train Loss: 529.6817, Validation Loss: 815.3076
2025-01-08 20:50:26,720 - INFO - Epoch 16, Train Loss: 529.8178, Validation Loss: 815.3757
2025-01-08 20:50:28,063 - INFO - Epoch 17, Train Loss: 529.8699, Validation Loss: 815.3443
2025-01-08 20:50:29,405 - INFO - Epoch 18, Train Loss: 529.8459, Validation Loss: 815.2227
2025-01-08 20:50:30,739 - INFO - Epoch 19, Train Loss: 529.7530, Validation Loss: 815.0187
2025-01-08 20:50:32,104 - INFO - Epoch 20, Train Loss: 529.5972, Validation Loss: 814.7396
2025-01-08 20:50:33,448 - INFO - Epoch 21, Train Loss: 529.3840, Validation Loss: 814.3918
2025-01-08 20:50:34,791 - INFO - Epoch 22, Train Loss: 529.1183, Validation Loss: 813.9808
2025-01-08 20:50:36,121 - INFO - Epoch 23, Train Loss: 528.8044, Validation Loss: 813.5118
2025-01-08 20:50:37,457 - INFO - Epoch 24, Train Loss: 528.4462, Validation Loss: 812.9894
2025-01-08 20:50:38,797 - INFO - Epoch 25, Train Loss: 528.0472, Validation Loss: 812.4094
2025-01-08 20:50:40,125 - INFO - Epoch 26, Train Loss: 527.5513, Validation Loss: 809.5458
2025-01-08 20:50:41,484 - INFO - Epoch 27, Train Loss: 527.0085, Validation Loss: 809.6902
2025-01-08 20:50:42,810 - INFO - Epoch 28, Train Loss: 524.8651, Validation Loss: 809.2988
2025-01-08 20:50:44,154 - INFO - Epoch 29, Train Loss: 524.2917, Validation Loss: 808.4882
2025-01-08 20:50:45,511 - INFO - Epoch 30, Train Loss: 524.0893, Validation Loss: 808.6566
2025-01-08 20:50:46,833 - INFO - Epoch 31, Train Loss: 523.7653, Validation Loss: 808.2381
2025-01-08 20:50:48,168 - INFO - Epoch 32, Train Loss: 523.5376, Validation Loss: 807.6644
2025-01-08 20:50:49,518 - INFO - Epoch 33, Train Loss: 523.2693, Validation Loss: 807.2919
2025-01-08 20:50:50,858 - INFO - Epoch 34, Train Loss: 522.8537, Validation Loss: 806.9683
2025-01-08 20:50:52,201 - INFO - Epoch 35, Train Loss: 522.2496, Validation Loss: 806.4373
2025-01-08 20:50:53,611 - INFO - Epoch 36, Train Loss: 521.4683, Validation Loss: 805.4544
2025-01-08 20:50:54,984 - INFO - Epoch 37, Train Loss: 520.3815, Validation Loss: 804.5156
2025-01-08 20:50:56,333 - INFO - Epoch 38, Train Loss: 519.1011, Validation Loss: 803.5491
2025-01-08 20:50:57,672 - INFO - Epoch 39, Train Loss: 517.4553, Validation Loss: 802.1661
2025-01-08 20:50:59,006 - INFO - Epoch 40, Train Loss: 515.5072, Validation Loss: 800.4296
2025-01-08 20:51:00,345 - INFO - Epoch 41, Train Loss: 513.3049, Validation Loss: 798.6034
2025-01-08 20:51:01,691 - INFO - Epoch 42, Train Loss: 510.5883, Validation Loss: 796.9308
2025-01-08 20:51:03,032 - INFO - Epoch 43, Train Loss: 507.6615, Validation Loss: 793.8967
2025-01-08 20:51:04,376 - INFO - Epoch 44, Train Loss: 504.1791, Validation Loss: 791.0958
2025-01-08 20:51:05,704 - INFO - Epoch 45, Train Loss: 500.2041, Validation Loss: 788.6205
2025-01-08 20:51:07,063 - INFO - Epoch 46, Train Loss: 495.8834, Validation Loss: 784.3487
2025-01-08 20:51:08,400 - INFO - Epoch 47, Train Loss: 490.8945, Validation Loss: 780.2940
2025-01-08 20:51:09,727 - INFO - Epoch 48, Train Loss: 485.5083, Validation Loss: 776.7375
2025-01-08 20:51:11,061 - INFO - Epoch 49, Train Loss: 479.5254, Validation Loss: 771.5311
2025-01-08 20:51:12,387 - INFO - Epoch 50, Train Loss: 472.8600, Validation Loss: 765.6666
2025-01-08 20:51:13,730 - INFO - Epoch 51, Train Loss: 465.7404, Validation Loss: 760.3049
2025-01-08 20:51:15,080 - INFO - Epoch 52, Train Loss: 457.7932, Validation Loss: 754.4976
2025-01-08 20:51:16,407 - INFO - Epoch 53, Train Loss: 449.3350, Validation Loss: 746.9952
2025-01-08 20:51:17,772 - INFO - Epoch 54, Train Loss: 440.0254, Validation Loss: 739.3422
2025-01-08 20:51:19,103 - INFO - Epoch 55, Train Loss: 430.3990, Validation Loss: 733.1896
2025-01-08 20:51:20,462 - INFO - Epoch 56, Train Loss: 420.4512, Validation Loss: 724.2393
2025-01-08 20:51:21,952 - INFO - Epoch 57, Train Loss: 410.2882, Validation Loss: 715.1836
2025-01-08 20:51:23,319 - INFO - Epoch 58, Train Loss: 401.0379, Validation Loss: 708.2532
2025-01-08 20:51:24,663 - INFO - Epoch 59, Train Loss: 391.8667, Validation Loss: 699.4397
2025-01-08 20:51:25,998 - INFO - Epoch 60, Train Loss: 383.4505, Validation Loss: 690.8103
2025-01-08 20:51:27,353 - INFO - Epoch 61, Train Loss: 375.3283, Validation Loss: 682.0794
2025-01-08 20:51:28,701 - INFO - Epoch 62, Train Loss: 367.2666, Validation Loss: 674.5231
2025-01-08 20:51:30,047 - INFO - Epoch 63, Train Loss: 359.3122, Validation Loss: 665.6992
2025-01-08 20:51:31,385 - INFO - Epoch 64, Train Loss: 351.7122, Validation Loss: 655.5554
2025-01-08 20:51:32,716 - INFO - Epoch 65, Train Loss: 344.6640, Validation Loss: 648.1179
2025-01-08 20:51:34,058 - INFO - Epoch 66, Train Loss: 338.0394, Validation Loss: 640.1333
2025-01-08 20:51:35,411 - INFO - Epoch 67, Train Loss: 331.9061, Validation Loss: 634.9811
2025-01-08 20:51:36,763 - INFO - Epoch 68, Train Loss: 326.3234, Validation Loss: 624.8860
2025-01-08 20:51:38,095 - INFO - Epoch 69, Train Loss: 321.6152, Validation Loss: 630.5024
2025-01-08 20:51:39,451 - INFO - Epoch 70, Train Loss: 317.4406, Validation Loss: 614.7237
2025-01-08 20:51:40,794 - INFO - Epoch 71, Train Loss: 311.3855, Validation Loss: 611.6813
2025-01-08 20:51:42,222 - INFO - Epoch 72, Train Loss: 306.2725, Validation Loss: 611.5391
2025-01-08 20:51:43,589 - INFO - Epoch 73, Train Loss: 301.6267, Validation Loss: 605.5045
2025-01-08 20:51:44,930 - INFO - Epoch 74, Train Loss: 296.6670, Validation Loss: 600.9897
2025-01-08 20:51:46,269 - INFO - Epoch 75, Train Loss: 292.0302, Validation Loss: 601.4581
2025-01-08 20:51:47,607 - INFO - Epoch 76, Train Loss: 287.5160, Validation Loss: 593.2374
2025-01-08 20:51:48,956 - INFO - Epoch 77, Train Loss: 283.0887, Validation Loss: 592.6464
2025-01-08 20:51:50,356 - INFO - Epoch 78, Train Loss: 278.5654, Validation Loss: 590.8035
2025-01-08 20:51:51,698 - INFO - Epoch 79, Train Loss: 274.3400, Validation Loss: 580.8765
2025-01-08 20:51:53,034 - INFO - Epoch 80, Train Loss: 270.4256, Validation Loss: 587.4017
2025-01-08 20:51:54,367 - INFO - Epoch 81, Train Loss: 266.5212, Validation Loss: 576.0859
2025-01-08 20:51:55,710 - INFO - Epoch 82, Train Loss: 261.6118, Validation Loss: 569.9943
2025-01-08 20:51:57,063 - INFO - Epoch 83, Train Loss: 258.0487, Validation Loss: 579.6024
2025-01-08 20:51:58,411 - INFO - Epoch 84, Train Loss: 255.0175, Validation Loss: 565.9009
2025-01-08 20:51:59,741 - INFO - Epoch 85, Train Loss: 249.6407, Validation Loss: 559.7965
2025-01-08 20:52:01,135 - INFO - Epoch 86, Train Loss: 247.0165, Validation Loss: 572.3433
2025-01-08 20:52:02,473 - INFO - Epoch 87, Train Loss: 244.7205, Validation Loss: 560.2820
2025-01-08 20:52:03,825 - INFO - Epoch 88, Train Loss: 238.5613, Validation Loss: 550.3869
2025-01-08 20:52:05,166 - INFO - Epoch 89, Train Loss: 237.9622, Validation Loss: 558.5577
2025-01-08 20:52:06,541 - INFO - Epoch 90, Train Loss: 232.0928, Validation Loss: 559.6071
2025-01-08 20:52:07,889 - INFO - Epoch 91, Train Loss: 229.6020, Validation Loss: 543.0298
2025-01-08 20:52:09,245 - INFO - Epoch 92, Train Loss: 226.3159, Validation Loss: 541.5053
2025-01-08 20:52:10,607 - INFO - Epoch 93, Train Loss: 222.0275, Validation Loss: 552.2065
2025-01-08 20:52:11,987 - INFO - Epoch 94, Train Loss: 218.9105, Validation Loss: 545.7178
2025-01-08 20:52:13,359 - INFO - Epoch 95, Train Loss: 214.2802, Validation Loss: 533.8803
2025-01-08 20:52:14,710 - INFO - Epoch 96, Train Loss: 212.1889, Validation Loss: 534.5660
2025-01-08 20:52:16,061 - INFO - Epoch 97, Train Loss: 207.4498, Validation Loss: 541.9545
2025-01-08 20:52:17,412 - INFO - Epoch 98, Train Loss: 204.5377, Validation Loss: 537.2006
2025-01-08 20:52:18,760 - INFO - Epoch 99, Train Loss: 200.5252, Validation Loss: 527.1285
2025-01-08 20:52:20,094 - INFO - Epoch 100, Train Loss: 197.5488, Validation Loss: 527.4349
2025-01-08 20:52:21,461 - INFO - Epoch 101, Train Loss: 193.3710, Validation Loss: 533.5356
2025-01-08 20:52:22,839 - INFO - Epoch 102, Train Loss: 190.6807, Validation Loss: 528.0341
2025-01-08 20:52:24,191 - INFO - Epoch 103, Train Loss: 186.4649, Validation Loss: 519.0125
2025-01-08 20:52:25,728 - INFO - Epoch 104, Train Loss: 184.4187, Validation Loss: 522.6692
2025-01-08 20:52:27,101 - INFO - Epoch 105, Train Loss: 179.3759, Validation Loss: 527.4545
2025-01-08 20:52:28,450 - INFO - Epoch 106, Train Loss: 177.1598, Validation Loss: 519.1262
2025-01-08 20:52:29,792 - INFO - Epoch 107, Train Loss: 172.5667, Validation Loss: 512.6546
2025-01-08 20:52:31,152 - INFO - Epoch 108, Train Loss: 170.2771, Validation Loss: 519.2121
2025-01-08 20:52:32,487 - INFO - Epoch 109, Train Loss: 166.1103, Validation Loss: 519.9364
2025-01-08 20:52:33,850 - INFO - Epoch 110, Train Loss: 163.1094, Validation Loss: 510.0039
2025-01-08 20:52:35,195 - INFO - Epoch 111, Train Loss: 159.3563, Validation Loss: 508.6599
2025-01-08 20:52:36,540 - INFO - Epoch 112, Train Loss: 156.0011, Validation Loss: 516.4818
2025-01-08 20:52:37,876 - INFO - Epoch 113, Train Loss: 152.9577, Validation Loss: 511.2229
2025-01-08 20:52:39,224 - INFO - Epoch 114, Train Loss: 149.0390, Validation Loss: 505.4574
2025-01-08 20:52:40,579 - INFO - Epoch 115, Train Loss: 145.9259, Validation Loss: 508.1477
2025-01-08 20:52:41,956 - INFO - Epoch 116, Train Loss: 142.3110, Validation Loss: 509.7779
2025-01-08 20:52:43,330 - INFO - Epoch 117, Train Loss: 139.2424, Validation Loss: 502.0468
2025-01-08 20:52:44,678 - INFO - Epoch 118, Train Loss: 135.9818, Validation Loss: 506.0717
2025-01-08 20:52:46,040 - INFO - Epoch 119, Train Loss: 132.4584, Validation Loss: 501.3673
2025-01-08 20:52:47,404 - INFO - Epoch 120, Train Loss: 128.9368, Validation Loss: 498.1514
2025-01-08 20:52:48,752 - INFO - Epoch 121, Train Loss: 125.7048, Validation Loss: 502.0474
2025-01-08 20:52:50,104 - INFO - Epoch 122, Train Loss: 122.7859, Validation Loss: 492.6188
2025-01-08 20:52:51,520 - INFO - Epoch 123, Train Loss: 119.7243, Validation Loss: 504.4329
2025-01-08 20:52:52,872 - INFO - Epoch 124, Train Loss: 118.0349, Validation Loss: 491.3414
2025-01-08 20:52:54,234 - INFO - Epoch 125, Train Loss: 112.5718, Validation Loss: 487.0673
2025-01-08 20:52:55,730 - INFO - Epoch 126, Train Loss: 110.3419, Validation Loss: 505.3633
2025-01-08 20:52:57,181 - INFO - Epoch 127, Train Loss: 110.5947, Validation Loss: 489.5123
2025-01-08 20:52:58,534 - INFO - Epoch 128, Train Loss: 102.8905, Validation Loss: 477.9473
2025-01-08 20:52:59,873 - INFO - Epoch 129, Train Loss: 106.9073, Validation Loss: 501.6471
2025-01-08 20:53:01,210 - INFO - Epoch 130, Train Loss: 101.2138, Validation Loss: 498.2040
2025-01-08 20:53:02,587 - INFO - Epoch 131, Train Loss: 97.2720, Validation Loss: 474.1360
2025-01-08 20:53:03,916 - INFO - Epoch 132, Train Loss: 95.0481, Validation Loss: 477.6713
2025-01-08 20:53:05,279 - INFO - Epoch 133, Train Loss: 87.8195, Validation Loss: 495.2112
2025-01-08 20:53:06,628 - INFO - Epoch 134, Train Loss: 88.4757, Validation Loss: 483.2449
2025-01-08 20:53:07,972 - INFO - Epoch 135, Train Loss: 81.8035, Validation Loss: 469.1637
2025-01-08 20:53:09,318 - INFO - Epoch 136, Train Loss: 81.3141, Validation Loss: 474.1266
2025-01-08 20:53:10,676 - INFO - Epoch 137, Train Loss: 75.0996, Validation Loss: 486.9243
2025-01-08 20:53:12,038 - INFO - Epoch 138, Train Loss: 74.4645, Validation Loss: 477.2434
2025-01-08 20:53:13,386 - INFO - Epoch 139, Train Loss: 68.9056, Validation Loss: 464.9014
2025-01-08 20:53:14,730 - INFO - Epoch 140, Train Loss: 68.5024, Validation Loss: 473.7034
2025-01-08 20:53:16,104 - INFO - Epoch 141, Train Loss: 62.4608, Validation Loss: 481.3472
2025-01-08 20:53:17,451 - INFO - Epoch 142, Train Loss: 61.6255, Validation Loss: 466.5989
2025-01-08 20:53:18,809 - INFO - Epoch 143, Train Loss: 56.3461, Validation Loss: 459.4970
2025-01-08 20:53:20,151 - INFO - Epoch 144, Train Loss: 55.3653, Validation Loss: 473.4461
2025-01-08 20:53:21,519 - INFO - Epoch 145, Train Loss: 51.4104, Validation Loss: 471.4176
2025-01-08 20:53:22,887 - INFO - Epoch 146, Train Loss: 48.2628, Validation Loss: 454.9541
2025-01-08 20:53:24,238 - INFO - Epoch 147, Train Loss: 45.3838, Validation Loss: 455.7928
2025-01-08 20:53:25,594 - INFO - Epoch 148, Train Loss: 41.1111, Validation Loss: 467.4426
2025-01-08 20:53:26,951 - INFO - Epoch 149, Train Loss: 39.5926, Validation Loss: 458.5485
2025-01-08 20:53:28,323 - INFO - Epoch 150, Train Loss: 34.6248, Validation Loss: 447.1300
2025-01-08 20:53:29,820 - INFO - Epoch 151, Train Loss: 33.8509, Validation Loss: 454.8781
2025-01-08 20:53:31,160 - INFO - Epoch 152, Train Loss: 28.3909, Validation Loss: 458.2635
2025-01-08 20:53:32,525 - INFO - Epoch 153, Train Loss: 26.4045, Validation Loss: 447.0714
2025-01-08 20:53:33,866 - INFO - Epoch 154, Train Loss: 22.3768, Validation Loss: 444.8005
2025-01-08 20:53:35,203 - INFO - Epoch 155, Train Loss: 19.7533, Validation Loss: 454.9484
2025-01-08 20:53:36,547 - INFO - Epoch 156, Train Loss: 20.2239, Validation Loss: 450.9955
2025-01-08 20:53:37,920 - INFO - Epoch 157, Train Loss: 19.6059, Validation Loss: 443.5028
2025-01-08 20:53:39,260 - INFO - Epoch 158, Train Loss: 20.5301, Validation Loss: 448.2920
2025-01-08 20:53:40,609 - INFO - Epoch 159, Train Loss: 19.4788, Validation Loss: 452.4635
2025-01-08 20:53:42,049 - INFO - Epoch 160, Train Loss: 20.1064, Validation Loss: 447.8103
2025-01-08 20:53:43,426 - INFO - Epoch 161, Train Loss: 19.4000, Validation Loss: 442.8409
2025-01-08 20:53:44,770 - INFO - Epoch 162, Train Loss: 20.3920, Validation Loss: 449.8254
2025-01-08 20:53:46,122 - INFO - Epoch 163, Train Loss: 19.6326, Validation Loss: 448.6106
2025-01-08 20:53:47,466 - INFO - Epoch 164, Train Loss: 19.3649, Validation Loss: 441.5490
2025-01-08 20:53:48,863 - INFO - Epoch 165, Train Loss: 20.1646, Validation Loss: 447.5421
2025-01-08 20:53:50,224 - INFO - Epoch 166, Train Loss: 19.0161, Validation Loss: 449.5216
2025-01-08 20:53:51,573 - INFO - Epoch 167, Train Loss: 19.2070, Validation Loss: 442.6541
2025-01-08 20:53:52,916 - INFO - Epoch 168, Train Loss: 18.9928, Validation Loss: 445.2830
2025-01-08 20:53:54,273 - INFO - Epoch 169, Train Loss: 18.3255, Validation Loss: 448.3682
2025-01-08 20:53:55,622 - INFO - Epoch 170, Train Loss: 18.2569, Validation Loss: 445.5811
2025-01-08 20:53:56,991 - INFO - Epoch 171, Train Loss: 17.7751, Validation Loss: 443.8721
2025-01-08 20:53:58,356 - INFO - Epoch 172, Train Loss: 17.6942, Validation Loss: 448.0796
2025-01-08 20:53:59,766 - INFO - Epoch 173, Train Loss: 17.4666, Validation Loss: 443.9690
2025-01-08 20:54:01,115 - INFO - Epoch 174, Train Loss: 17.2223, Validation Loss: 448.7818
2025-01-08 20:54:02,459 - INFO - Epoch 175, Train Loss: 16.9223, Validation Loss: 444.9998
2025-01-08 20:54:03,828 - INFO - Epoch 176, Train Loss: 16.6250, Validation Loss: 449.4740
2025-01-08 20:54:05,180 - INFO - Epoch 177, Train Loss: 16.3826, Validation Loss: 446.5856
2025-01-08 20:54:06,814 - INFO - Epoch 178, Train Loss: 15.9499, Validation Loss: 446.2079
2025-01-08 20:54:08,179 - INFO - Epoch 179, Train Loss: 15.7329, Validation Loss: 452.0268
2025-01-08 20:54:09,555 - INFO - Epoch 180, Train Loss: 16.4871, Validation Loss: 441.9068
2025-01-08 20:54:10,956 - INFO - Epoch 181, Train Loss: 17.1170, Validation Loss: 452.5965
2025-01-08 20:54:12,309 - INFO - Epoch 182, Train Loss: 16.4062, Validation Loss: 444.5626
2025-01-08 20:54:13,670 - INFO - Epoch 183, Train Loss: 14.9683, Validation Loss: 447.1227
2025-01-08 20:54:15,028 - INFO - Epoch 184, Train Loss: 14.5287, Validation Loss: 447.6213
2025-01-08 20:54:16,416 - INFO - Epoch 185, Train Loss: 14.3143, Validation Loss: 445.5107
2025-01-08 20:54:17,764 - INFO - Epoch 186, Train Loss: 14.0141, Validation Loss: 447.0225
2025-01-08 20:54:19,157 - INFO - Epoch 187, Train Loss: 13.7077, Validation Loss: 446.0793
2025-01-08 20:54:20,502 - INFO - Epoch 188, Train Loss: 13.4134, Validation Loss: 447.6240
2025-01-08 20:54:21,892 - INFO - Epoch 189, Train Loss: 13.2123, Validation Loss: 444.2184
2025-01-08 20:54:23,240 - INFO - Epoch 190, Train Loss: 13.2532, Validation Loss: 451.1431
2025-01-08 20:54:24,612 - INFO - Epoch 191, Train Loss: 14.0577, Validation Loss: 441.7990
2025-01-08 20:54:25,969 - INFO - Epoch 192, Train Loss: 13.7682, Validation Loss: 448.0008
2025-01-08 20:54:27,349 - INFO - Epoch 193, Train Loss: 12.5666, Validation Loss: 445.0451
2025-01-08 20:54:28,725 - INFO - Epoch 194, Train Loss: 11.8791, Validation Loss: 441.8766
2025-01-08 20:54:30,083 - INFO - Epoch 195, Train Loss: 12.3257, Validation Loss: 448.6751
2025-01-08 20:54:31,465 - INFO - Epoch 196, Train Loss: 12.4258, Validation Loss: 443.5912
2025-01-08 20:54:32,847 - INFO - Epoch 197, Train Loss: 11.2140, Validation Loss: 442.0309
2025-01-08 20:54:34,435 - INFO - Epoch 198, Train Loss: 11.3044, Validation Loss: 448.9557
2025-01-08 20:54:35,835 - INFO - Epoch 199, Train Loss: 11.7308, Validation Loss: 442.5975
2025-01-08 20:54:37,189 - INFO - Epoch 200, Train Loss: 10.7379, Validation Loss: 443.8871
2025-01-08 20:54:38,542 - INFO - Epoch 201, Train Loss: 10.2675, Validation Loss: 446.6715
2025-01-08 20:54:39,922 - INFO - Epoch 202, Train Loss: 10.2538, Validation Loss: 444.0323
2025-01-08 20:54:41,310 - INFO - Epoch 203, Train Loss: 9.7420, Validation Loss: 442.5615
2025-01-08 20:54:42,690 - INFO - Epoch 204, Train Loss: 10.0346, Validation Loss: 446.8346
2025-01-08 20:54:44,031 - INFO - Epoch 205, Train Loss: 10.4260, Validation Loss: 444.3328
2025-01-08 20:54:45,372 - INFO - Epoch 206, Train Loss: 9.7824, Validation Loss: 441.2336
2025-01-08 20:54:46,719 - INFO - Epoch 207, Train Loss: 9.8978, Validation Loss: 447.9777
2025-01-08 20:54:48,076 - INFO - Epoch 208, Train Loss: 10.4149, Validation Loss: 444.3377
2025-01-08 20:54:49,456 - INFO - Epoch 209, Train Loss: 9.3159, Validation Loss: 440.5673
2025-01-08 20:54:50,806 - INFO - Epoch 210, Train Loss: 11.4282, Validation Loss: 450.3348
2025-01-08 20:54:52,157 - INFO - Epoch 211, Train Loss: 11.6342, Validation Loss: 445.8887
2025-01-08 20:54:53,549 - INFO - Epoch 212, Train Loss: 9.6808, Validation Loss: 440.1888
2025-01-08 20:54:54,906 - INFO - Epoch 213, Train Loss: 13.0980, Validation Loss: 448.8087
2025-01-08 20:54:56,256 - INFO - Epoch 214, Train Loss: 10.8640, Validation Loss: 449.1517
2025-01-08 20:54:57,613 - INFO - Epoch 215, Train Loss: 10.9883, Validation Loss: 440.7236
2025-01-08 20:54:58,977 - INFO - Epoch 216, Train Loss: 10.7787, Validation Loss: 442.2651
2025-01-08 20:55:00,324 - INFO - Epoch 217, Train Loss: 9.0408, Validation Loss: 448.4438
2025-01-08 20:55:01,658 - INFO - Epoch 218, Train Loss: 10.4261, Validation Loss: 443.5603
2025-01-08 20:55:02,991 - INFO - Epoch 219, Train Loss: 8.6861, Validation Loss: 440.1019
2025-01-08 20:55:04,364 - INFO - Epoch 220, Train Loss: 10.5509, Validation Loss: 443.3682
2025-01-08 20:55:05,692 - INFO - Epoch 221, Train Loss: 8.3039, Validation Loss: 448.0262
2025-01-08 20:55:07,035 - INFO - Epoch 222, Train Loss: 9.8890, Validation Loss: 442.8958
2025-01-08 20:55:08,451 - INFO - Epoch 223, Train Loss: 8.4520, Validation Loss: 440.7780
2025-01-08 20:55:09,828 - INFO - Epoch 224, Train Loss: 9.7078, Validation Loss: 443.4052
2025-01-08 20:55:11,264 - INFO - Epoch 225, Train Loss: 8.0167, Validation Loss: 446.8907
2025-01-08 20:55:12,590 - INFO - Epoch 226, Train Loss: 9.1672, Validation Loss: 442.8025
2025-01-08 20:55:13,942 - INFO - Epoch 227, Train Loss: 8.0464, Validation Loss: 441.3699
2025-01-08 20:55:15,302 - INFO - Epoch 228, Train Loss: 8.8386, Validation Loss: 443.5877
2025-01-08 20:55:16,639 - INFO - Epoch 229, Train Loss: 7.9444, Validation Loss: 445.3559
2025-01-08 20:55:17,983 - INFO - Epoch 230, Train Loss: 8.3588, Validation Loss: 442.7506
2025-01-08 20:55:19,306 - INFO - Epoch 231, Train Loss: 7.6992, Validation Loss: 442.2234
2025-01-08 20:55:20,682 - INFO - Epoch 232, Train Loss: 7.8477, Validation Loss: 444.1597
2025-01-08 20:55:22,020 - INFO - Epoch 233, Train Loss: 7.3534, Validation Loss: 444.7491
2025-01-08 20:55:23,351 - INFO - Epoch 234, Train Loss: 7.2090, Validation Loss: 443.4171
2025-01-08 20:55:24,709 - INFO - Epoch 235, Train Loss: 7.1592, Validation Loss: 443.8827
2025-01-08 20:55:26,084 - INFO - Epoch 236, Train Loss: 6.9968, Validation Loss: 444.3971
2025-01-08 20:55:27,432 - INFO - Epoch 237, Train Loss: 6.7517, Validation Loss: 443.1373
2025-01-08 20:55:28,831 - INFO - Epoch 238, Train Loss: 6.6958, Validation Loss: 443.8661
2025-01-08 20:55:30,175 - INFO - Epoch 239, Train Loss: 6.6295, Validation Loss: 442.6465
2025-01-08 20:55:31,514 - INFO - Epoch 240, Train Loss: 6.6403, Validation Loss: 443.7359
2025-01-08 20:55:32,860 - INFO - Epoch 241, Train Loss: 6.4165, Validation Loss: 442.8665
2025-01-08 20:55:34,228 - INFO - Epoch 242, Train Loss: 6.4844, Validation Loss: 444.1780
2025-01-08 20:55:35,571 - INFO - Epoch 243, Train Loss: 6.3871, Validation Loss: 442.7204
2025-01-08 20:55:36,951 - INFO - Epoch 244, Train Loss: 6.6926, Validation Loss: 446.0864
2025-01-08 20:55:38,440 - INFO - Epoch 245, Train Loss: 7.3298, Validation Loss: 444.0510
2025-01-08 20:55:39,780 - INFO - Epoch 246, Train Loss: 6.1322, Validation Loss: 442.5760
2025-01-08 20:55:41,129 - INFO - Epoch 247, Train Loss: 8.1879, Validation Loss: 448.1862
2025-01-08 20:55:42,483 - INFO - Epoch 248, Train Loss: 8.1981, Validation Loss: 445.8343
2025-01-08 20:55:43,824 - INFO - Epoch 249, Train Loss: 6.6121, Validation Loss: 442.2822
2025-01-08 20:55:45,160 - INFO - Epoch 250, Train Loss: 9.6595, Validation Loss: 445.7207
2025-01-08 20:55:46,525 - INFO - Epoch 251, Train Loss: 6.3324, Validation Loss: 446.7274
2025-01-08 20:55:47,911 - INFO - Epoch 252, Train Loss: 7.2263, Validation Loss: 442.7032
2025-01-08 20:55:49,239 - INFO - Epoch 253, Train Loss: 7.5075, Validation Loss: 442.6647
2025-01-08 20:55:50,592 - INFO - Epoch 254, Train Loss: 6.5854, Validation Loss: 446.0695
2025-01-08 20:55:51,945 - INFO - Epoch 255, Train Loss: 7.0346, Validation Loss: 444.2786
2025-01-08 20:55:53,286 - INFO - Epoch 256, Train Loss: 6.1671, Validation Loss: 442.4051
2025-01-08 20:55:54,618 - INFO - Epoch 257, Train Loss: 6.9245, Validation Loss: 442.7922
2025-01-08 20:55:55,971 - INFO - Epoch 258, Train Loss: 6.1841, Validation Loss: 444.6203
2025-01-08 20:55:57,311 - INFO - Epoch 259, Train Loss: 6.3527, Validation Loss: 444.0387
2025-01-08 20:55:58,672 - INFO - Epoch 260, Train Loss: 5.8983, Validation Loss: 443.0706
2025-01-08 20:56:00,008 - INFO - Epoch 261, Train Loss: 5.8233, Validation Loss: 443.2497
2025-01-08 20:56:01,345 - INFO - Epoch 262, Train Loss: 5.5231, Validation Loss: 444.2825
2025-01-08 20:56:02,677 - INFO - Epoch 263, Train Loss: 5.2960, Validation Loss: 444.2249
2025-01-08 20:56:04,012 - INFO - Epoch 264, Train Loss: 5.0253, Validation Loss: 443.4690
2025-01-08 20:56:05,351 - INFO - Epoch 265, Train Loss: 5.8351, Validation Loss: 444.4136
2025-01-08 20:56:06,713 - INFO - Epoch 266, Train Loss: 5.4945, Validation Loss: 445.2897
2025-01-08 20:56:08,064 - INFO - Epoch 267, Train Loss: 5.4596, Validation Loss: 443.8036
2025-01-08 20:56:09,429 - INFO - Epoch 268, Train Loss: 5.4191, Validation Loss: 446.1602
2025-01-08 20:56:10,765 - INFO - Epoch 269, Train Loss: 5.2456, Validation Loss: 445.0751
2025-01-08 20:56:10,765 - INFO - Early stopping triggered
2025-01-08 20:56:11,451 - INFO - Total pairs: 1077
2025-01-08 20:56:11,451 - INFO - Total hard errors with label 0.5 or -0.5: 137 Out of 268
2025-01-08 20:56:11,451 - INFO - Total hard errors with label 1 or -1: 161 Out of 809
2025-01-08 20:56:11,451 - INFO - Total hard errors with label 0: 0 Out of 0
2025-01-08 20:56:11,451 - INFO - Total soft errors with label 0.5 or -0.5: 66 Out of 268
2025-01-08 20:56:11,451 - INFO - Total soft errors with label 1 or -1: 303 Out of 809
2025-01-08 20:56:11,451 - INFO - Total soft errors with label 0: 0 Out of 0
2025-01-08 20:56:11,451 - INFO - Test Accuracy: 0.4420
2025-01-08 20:56:11,451 - INFO - Test Hard Errors: 137, 161, 0
2025-01-08 20:56:11,451 - INFO - Test Soft Errors: 66, 303, 0
