2025-05-15 18:27:33,988 - __main__ - INFO - Starting extraction of recent statement ranking reasonings.
2025-05-15 18:27:33,988 - __main__ - ERROR - Extracted statements file not found: /Users/dzz1th/Job/mgi/Soroka/engine/engine/data/outputs/extracted_statements.csv
2025-05-15 18:28:15,125 - __main__ - INFO - Starting extraction of recent statement ranking reasonings.
2025-05-15 18:28:15,227 - __main__ - INFO - Processing rankings for task: employment
2025-05-15 18:28:15,227 - __main__ - INFO - Processing employment.level reasonings
2025-05-15 18:28:30,926 - __main__ - INFO - Completed employment.level, extracted 4 reasonings.
2025-05-15 18:28:30,927 - __main__ - INFO - Processing employment.dynamics reasonings
2025-05-15 18:28:48,667 - __main__ - INFO - Completed employment.dynamics, extracted 4 reasonings.
2025-05-15 18:28:48,667 - __main__ - INFO - Processing rankings for task: inflation
2025-05-15 18:28:48,667 - __main__ - INFO - Processing inflation.level reasonings
2025-05-15 18:29:02,169 - __main__ - INFO - Completed inflation.level, extracted 4 reasonings.
2025-05-15 18:29:02,170 - __main__ - INFO - Processing inflation.dynamics reasonings
2025-05-15 18:29:21,092 - __main__ - INFO - Completed inflation.dynamics, extracted 4 reasonings.
2025-05-15 18:29:21,093 - __main__ - INFO - Processing rankings for task: forward_guidance
2025-05-15 18:29:21,094 - __main__ - INFO - Processing forward_guidance.guidance reasonings
2025-05-15 18:29:43,185 - __main__ - INFO - Completed forward_guidance.guidance, extracted 4 reasonings.
2025-05-15 18:29:43,185 - __main__ - INFO - Processing rankings for task: interest_rate
2025-05-15 18:29:43,185 - __main__ - INFO - Processing interest_rate.trajectory reasonings
2025-05-15 18:29:59,718 - __main__ - INFO - Completed interest_rate.trajectory, extracted 4 reasonings.
2025-05-15 18:29:59,719 - __main__ - INFO - Processing rankings for task: balance_sheet
2025-05-15 18:29:59,719 - __main__ - INFO - Processing balance_sheet.trajectory reasonings
2025-05-15 18:30:13,645 - __main__ - INFO - Completed balance_sheet.trajectory, extracted 4 reasonings.
2025-05-15 18:30:13,652 - __main__ - INFO - Successfully saved recent statement reasonings to /Users/dzz1th/Job/mgi/Soroka/data/pc_data/recent_statement_reasonings.json
